# JRE version: OpenJDK Runtime Environment (17.0.11) (build 17.0.11+0--11852314)
# Java VM: OpenJDK 64-Bit Server VM (17.0.11+0--11852314, mixed mode, tiered, compressed oops, compressed class ptrs, g1 gc, windows-amd64)
GC Precious Log:
 CPUs: 8 total, 8 available
 Memory: 7872M
 Large Page Support: Disabled
 NUMA Support: Disabled
 Compressed Oops: Enabled (32-bit)
 Heap Region Size: 1M
 Heap Min Capacity: 8M
 Heap Initial Capacity: 124M
 Heap Max Capacity: 2G
 Pre-touch: Disabled
 Parallel Workers: 8
 Concurrent Workers: 2
 Concurrent Refinement Workers: 8
 Periodic GC: Disabled
Heap:
 garbage-first heap   total 404480K, used 200820K [0x0000000080000000, 0x0000000100000000)
  region size 1024K, 11 young (11264K), 11 survivors (11264K)
 Metaspace       used 126328K, committed 127168K, reserved 1179648K
  class space    used 17763K, committed 18176K, reserved 1048576K
GC Heap History (20 events):
Event: 18.493 GC heap after
{Heap after GC invocations=49 (full 0):
 garbage-first heap   total 281600K, used 156950K [0x0000000080000000, 0x0000000100000000)
  region size 1024K, 12 young (12288K), 12 survivors (12288K)
 Metaspace       used 114204K, committed 115008K, reserved 1179648K
  class space    used 15955K, committed 16384K, reserved 1048576K
}
Event: 19.045 GC heap before
{Heap before GC invocations=50 (full 0):
 garbage-first heap   total 336896K, used 222486K [0x0000000080000000, 0x0000000100000000)
  region size 1024K, 77 young (78848K), 12 survivors (12288K)
 Metaspace       used 116054K, committed 116864K, reserved 1179648K
  class space    used 16230K, committed 16640K, reserved 1048576K
}
Event: 19.064 GC heap after
{Heap after GC invocations=51 (full 0):
 garbage-first heap   total 336896K, used 167843K [0x0000000080000000, 0x0000000100000000)
  region size 1024K, 10 young (10240K), 10 survivors (10240K)
 Metaspace       used 116054K, committed 116864K, reserved 1179648K
  class space    used 16230K, committed 16640K, reserved 1048576K
}
Event: 19.093 GC heap before
{Heap before GC invocations=51 (full 0):
 garbage-first heap   total 336896K, used 173987K [0x0000000080000000, 0x0000000100000000)
  region size 1024K, 16 young (16384K), 10 survivors (10240K)
 Metaspace       used 116128K, committed 116928K, reserved 1179648K
  class space    used 16239K, committed 16640K, reserved 1048576K
}
Event: 19.108 GC heap after
{Heap after GC invocations=52 (full 0):
 garbage-first heap   total 404480K, used 168537K [0x0000000080000000, 0x0000000100000000)
  region size 1024K, 2 young (2048K), 2 survivors (2048K)
 Metaspace       used 116128K, committed 116928K, reserved 1179648K
  class space    used 16239K, committed 16640K, reserved 1048576K
}
Event: 19.660 GC heap before
{Heap before GC invocations=52 (full 0):
 garbage-first heap   total 404480K, used 310873K [0x0000000080000000, 0x0000000100000000)
  region size 1024K, 142 young (145408K), 2 survivors (2048K)
 Metaspace       used 121329K, committed 122112K, reserved 1179648K
  class space    used 17142K, committed 17536K, reserved 1048576K
}
Event: 19.680 GC heap after
{Heap after GC invocations=53 (full 0):
 garbage-first heap   total 404480K, used 184580K [0x0000000080000000, 0x0000000100000000)
  region size 1024K, 18 young (18432K), 18 survivors (18432K)
 Metaspace       used 121329K, committed 122112K, reserved 1179648K
  class space    used 17142K, committed 17536K, reserved 1048576K
}
Event: 20.165 GC heap before
{Heap before GC invocations=53 (full 0):
 garbage-first heap   total 404480K, used 316676K [0x0000000080000000, 0x0000000100000000)
  region size 1024K, 147 young (150528K), 18 survivors (18432K)
 Metaspace       used 122732K, committed 123584K, reserved 1179648K
  class space    used 17294K, committed 17728K, reserved 1048576K
}
Event: 20.180 GC heap after
{Heap after GC invocations=54 (full 0):
 garbage-first heap   total 404480K, used 189405K [0x0000000080000000, 0x0000000100000000)
  region size 1024K, 5 young (5120K), 5 survivors (5120K)
 Metaspace       used 122732K, committed 123584K, reserved 1179648K
  class space    used 17294K, committed 17728K, reserved 1048576K
}
Event: 20.597 GC heap before
{Heap before GC invocations=54 (full 0):
 garbage-first heap   total 404480K, used 324573K [0x0000000080000000, 0x0000000100000000)
  region size 1024K, 137 young (140288K), 5 survivors (5120K)
 Metaspace       used 123108K, committed 123968K, reserved 1179648K
  class space    used 17370K, committed 17792K, reserved 1048576K
}
Event: 20.604 GC heap after
{Heap after GC invocations=55 (full 0):
 garbage-first heap   total 404480K, used 188095K [0x0000000080000000, 0x0000000100000000)
  region size 1024K, 4 young (4096K), 4 survivors (4096K)
 Metaspace       used 123108K, committed 123968K, reserved 1179648K
  class space    used 17370K, committed 17792K, reserved 1048576K
}
Event: 20.955 GC heap before
{Heap before GC invocations=55 (full 0):
 garbage-first heap   total 404480K, used 330431K [0x0000000080000000, 0x0000000100000000)
  region size 1024K, 143 young (146432K), 4 survivors (4096K)
 Metaspace       used 123642K, committed 124480K, reserved 1179648K
  class space    used 17417K, committed 17792K, reserved 1048576K
}
Event: 20.961 GC heap after
{Heap after GC invocations=56 (full 0):
 garbage-first heap   total 404480K, used 188479K [0x0000000080000000, 0x0000000100000000)
  region size 1024K, 5 young (5120K), 5 survivors (5120K)
 Metaspace       used 123642K, committed 124480K, reserved 1179648K
  class space    used 17417K, committed 17792K, reserved 1048576K
}
Event: 21.327 GC heap before
{Heap before GC invocations=56 (full 0):
 garbage-first heap   total 404480K, used 334911K [0x0000000080000000, 0x0000000100000000)
  region size 1024K, 148 young (151552K), 5 survivors (5120K)
 Metaspace       used 124348K, committed 125248K, reserved 1179648K
  class space    used 17553K, committed 17984K, reserved 1048576K
}
Event: 21.333 GC heap after
{Heap after GC invocations=57 (full 0):
 garbage-first heap   total 404480K, used 189502K [0x0000000080000000, 0x0000000100000000)
  region size 1024K, 6 young (6144K), 6 survivors (6144K)
 Metaspace       used 124348K, committed 125248K, reserved 1179648K
  class space    used 17553K, committed 17984K, reserved 1048576K
}
Event: 21.768 GC heap before
{Heap before GC invocations=57 (full 0):
 garbage-first heap   total 404480K, used 340030K [0x0000000080000000, 0x0000000100000000)
  region size 1024K, 154 young (157696K), 6 survivors (6144K)
 Metaspace       used 125883K, committed 126784K, reserved 1179648K
  class space    used 17743K, committed 18176K, reserved 1048576K
}
Event: 21.776 GC heap after
{Heap after GC invocations=58 (full 0):
 garbage-first heap   total 404480K, used 191115K [0x0000000080000000, 0x0000000100000000)
  region size 1024K, 7 young (7168K), 7 survivors (7168K)
 Metaspace       used 125883K, committed 126784K, reserved 1179648K
  class space    used 17743K, committed 18176K, reserved 1048576K
}
Event: 22.067 GC heap before
{Heap before GC invocations=58 (full 0):
 garbage-first heap   total 404480K, used 344715K [0x0000000080000000, 0x0000000100000000)
  region size 1024K, 157 young (160768K), 7 survivors (7168K)
 Metaspace       used 126055K, committed 126912K, reserved 1179648K
  class space    used 17759K, committed 18176K, reserved 1048576K
}
Event: 22.080 GC heap after
{Heap after GC invocations=59 (full 0):
 garbage-first heap   total 404480K, used 199785K [0x0000000080000000, 0x0000000100000000)
  region size 1024K, 16 young (16384K), 16 survivors (16384K)
 Metaspace       used 126055K, committed 126912K, reserved 1179648K
  class space    used 17759K, committed 18176K, reserved 1048576K
}
Event: 22.333 GC heap before
{Heap before GC invocations=59 (full 0):
 garbage-first heap   total 404480K, used 340073K [0x0000000080000000, 0x0000000100000000)
  region size 1024K, 154 young (157696K), 16 survivors (16384K)
 Metaspace       used 126328K, committed 127168K, reserved 1179648K
  class space    used 17763K, committed 18176K, reserved 1048576K
}

