# JRE version: OpenJDK Runtime Environment (17.0.11) (build 17.0.11+0--11852314)
# Java VM: OpenJDK 64-Bit Server VM (17.0.11+0--11852314, mixed mode, tiered, compressed oops, compressed class ptrs, g1 gc, windows-amd64)
GC Precious Log:
 CPUs: 8 total, 8 available
 Memory: 7872M
 Large Page Support: Disabled
 NUMA Support: Disabled
 Compressed Oops: Enabled (32-bit)
 Heap Region Size: 1M
 Heap Min Capacity: 8M
 Heap Initial Capacity: 124M
 Heap Max Capacity: 2G
 Pre-touch: Disabled
 Parallel Workers: 8
 Concurrent Workers: 2
 Concurrent Refinement Workers: 8
 Periodic GC: Disabled
Heap:
 garbage-first heap   total 457728K, used 259960K [0x0000000080000000, 0x0000000100000000)
  region size 1024K, 9 young (9216K), 9 survivors (9216K)
 Metaspace       used 143712K, committed 144640K, reserved 1179648K
  class space    used 19969K, committed 20416K, reserved 1048576K
GC Heap History (20 events):
Event: 25.323 GC heap after
{Heap after GC invocations=69 (full 0):
 garbage-first heap   total 270336K, used 198988K [0x0000000080000000, 0x0000000100000000)
  region size 1024K, 6 young (6144K), 6 survivors (6144K)
 Metaspace       used 125019K, committed 125888K, reserved 1179648K
  class space    used 16838K, committed 17280K, reserved 1048576K
}
Event: 25.871 GC heap before
{Heap before GC invocations=69 (full 0):
 garbage-first heap   total 270336K, used 229708K [0x0000000080000000, 0x0000000100000000)
  region size 1024K, 37 young (37888K), 6 survivors (6144K)
 Metaspace       used 127968K, committed 128832K, reserved 1179648K
  class space    used 17325K, committed 17728K, reserved 1048576K
}
Event: 25.876 GC heap after
{Heap after GC invocations=70 (full 0):
 garbage-first heap   total 324608K, used 201111K [0x0000000080000000, 0x0000000100000000)
  region size 1024K, 3 young (3072K), 3 survivors (3072K)
 Metaspace       used 127968K, committed 128832K, reserved 1179648K
  class space    used 17325K, committed 17728K, reserved 1048576K
}
Event: 26.215 GC heap before
{Heap before GC invocations=70 (full 0):
 garbage-first heap   total 324608K, used 267671K [0x0000000080000000, 0x0000000100000000)
  region size 1024K, 69 young (70656K), 3 survivors (3072K)
 Metaspace       used 131087K, committed 132032K, reserved 1179648K
  class space    used 17778K, committed 18240K, reserved 1048576K
}
Event: 26.226 GC heap after
{Heap after GC invocations=71 (full 0):
 garbage-first heap   total 324608K, used 209665K [0x0000000080000000, 0x0000000100000000)
  region size 1024K, 9 young (9216K), 9 survivors (9216K)
 Metaspace       used 131087K, committed 132032K, reserved 1179648K
  class space    used 17778K, committed 18240K, reserved 1048576K
}
Event: 26.421 GC heap before
{Heap before GC invocations=71 (full 0):
 garbage-first heap   total 324608K, used 269057K [0x0000000080000000, 0x0000000100000000)
  region size 1024K, 68 young (69632K), 9 survivors (9216K)
 Metaspace       used 133138K, committed 134080K, reserved 1179648K
  class space    used 18066K, committed 18496K, reserved 1048576K
}
Event: 26.434 GC heap after
{Heap after GC invocations=72 (full 0):
 garbage-first heap   total 324608K, used 215593K [0x0000000080000000, 0x0000000100000000)
  region size 1024K, 7 young (7168K), 7 survivors (7168K)
 Metaspace       used 133138K, committed 134080K, reserved 1179648K
  class space    used 18066K, committed 18496K, reserved 1048576K
}
Event: 26.607 GC heap before
{Heap before GC invocations=72 (full 0):
 garbage-first heap   total 324608K, used 270889K [0x0000000080000000, 0x0000000100000000)
  region size 1024K, 62 young (63488K), 7 survivors (7168K)
 Metaspace       used 135515K, committed 136448K, reserved 1179648K
  class space    used 18573K, committed 19008K, reserved 1048576K
}
Event: 26.620 GC heap after
{Heap after GC invocations=73 (full 0):
 garbage-first heap   total 324608K, used 222208K [0x0000000080000000, 0x0000000100000000)
  region size 1024K, 8 young (8192K), 8 survivors (8192K)
 Metaspace       used 135515K, committed 136448K, reserved 1179648K
  class space    used 18573K, committed 19008K, reserved 1048576K
}
Event: 26.797 GC heap before
{Heap before GC invocations=73 (full 0):
 garbage-first heap   total 324608K, used 272384K [0x0000000080000000, 0x0000000100000000)
  region size 1024K, 58 young (59392K), 8 survivors (8192K)
 Metaspace       used 136978K, committed 137856K, reserved 1179648K
  class space    used 18839K, committed 19264K, reserved 1048576K
}
Event: 26.810 GC heap after
{Heap after GC invocations=74 (full 0):
 garbage-first heap   total 324608K, used 229977K [0x0000000080000000, 0x0000000100000000)
  region size 1024K, 8 young (8192K), 8 survivors (8192K)
 Metaspace       used 136978K, committed 137856K, reserved 1179648K
  class space    used 18839K, committed 19264K, reserved 1048576K
}
Event: 27.039 GC heap before
{Heap before GC invocations=74 (full 0):
 garbage-first heap   total 324608K, used 274009K [0x0000000080000000, 0x0000000100000000)
  region size 1024K, 52 young (53248K), 8 survivors (8192K)
 Metaspace       used 140036K, committed 140928K, reserved 1179648K
  class space    used 19372K, committed 19776K, reserved 1048576K
}
Event: 27.049 GC heap after
{Heap after GC invocations=75 (full 0):
 garbage-first heap   total 457728K, used 233470K [0x0000000080000000, 0x0000000100000000)
  region size 1024K, 4 young (4096K), 4 survivors (4096K)
 Metaspace       used 140036K, committed 140928K, reserved 1179648K
  class space    used 19372K, committed 19776K, reserved 1048576K
}
Event: 27.536 GC heap before
{Heap before GC invocations=75 (full 0):
 garbage-first heap   total 457728K, used 368638K [0x0000000080000000, 0x0000000100000000)
  region size 1024K, 137 young (140288K), 4 survivors (4096K)
 Metaspace       used 142708K, committed 143680K, reserved 1179648K
  class space    used 19811K, committed 20288K, reserved 1048576K
}
Event: 27.558 GC heap after
{Heap after GC invocations=76 (full 0):
 garbage-first heap   total 457728K, used 244506K [0x0000000080000000, 0x0000000100000000)
  region size 1024K, 15 young (15360K), 15 survivors (15360K)
 Metaspace       used 142708K, committed 143680K, reserved 1179648K
  class space    used 19811K, committed 20288K, reserved 1048576K
}
Event: 27.959 GC heap before
{Heap before GC invocations=76 (full 0):
 garbage-first heap   total 457728K, used 366362K [0x0000000080000000, 0x0000000100000000)
  region size 1024K, 134 young (137216K), 15 survivors (15360K)
 Metaspace       used 143025K, committed 143936K, reserved 1179648K
  class space    used 19850K, committed 20288K, reserved 1048576K
}
Event: 27.977 GC heap after
{Heap after GC invocations=77 (full 0):
 garbage-first heap   total 457728K, used 252425K [0x0000000080000000, 0x0000000100000000)
  region size 1024K, 9 young (9216K), 9 survivors (9216K)
 Metaspace       used 143025K, committed 143936K, reserved 1179648K
  class space    used 19850K, committed 20288K, reserved 1048576K
}
Event: 28.270 GC heap before
{Heap before GC invocations=77 (full 0):
 garbage-first heap   total 457728K, used 373257K [0x0000000080000000, 0x0000000100000000)
  region size 1024K, 127 young (130048K), 9 survivors (9216K)
 Metaspace       used 143444K, committed 144384K, reserved 1179648K
  class space    used 19942K, committed 20352K, reserved 1048576K
}
Event: 28.283 GC heap after
{Heap after GC invocations=78 (full 0):
 garbage-first heap   total 457728K, used 258877K [0x0000000080000000, 0x0000000100000000)
  region size 1024K, 15 young (15360K), 15 survivors (15360K)
 Metaspace       used 143444K, committed 144384K, reserved 1179648K
  class space    used 19942K, committed 20352K, reserved 1048576K
}
Event: 28.555 GC heap before
{Heap before GC invocations=78 (full 0):
 garbage-first heap   total 457728K, used 379709K [0x0000000080000000, 0x0000000100000000)
  region size 1024K, 133 young (136192K), 15 survivors (15360K)
 Metaspace       used 143712K, committed 144640K, reserved 1179648K
  class space    used 19969K, committed 20416K, reserved 1048576K
}

