# JRE version: OpenJDK Runtime Environment (17.0.11) (build 17.0.11+0--11852314)
# Java VM: OpenJDK 64-Bit Server VM (17.0.11+0--11852314, mixed mode, tiered, compressed oops, compressed class ptrs, g1 gc, windows-amd64)
GC Precious Log:
 CPUs: 8 total, 8 available
 Memory: 7872M
 Large Page Support: Disabled
 NUMA Support: Disabled
 Compressed Oops: Enabled (32-bit)
 Heap Region Size: 1M
 Heap Min Capacity: 8M
 Heap Initial Capacity: 124M
 Heap Max Capacity: 2G
 Pre-touch: Disabled
 Parallel Workers: 8
 Concurrent Workers: 2
 Concurrent Refinement Workers: 8
 Periodic GC: Disabled
Heap:
 garbage-first heap   total 464896K, used 210108K [0x0000000080000000, 0x0000000100000000)
  region size 1024K, 3 young (3072K), 3 survivors (3072K)
 Metaspace       used 123441K, committed 124224K, reserved 1179648K
  class space    used 17366K, committed 17728K, reserved 1048576K
GC Heap History (20 events):
Event: 18.487 GC heap after
{Heap after GC invocations=50 (full 0):
 garbage-first heap   total 272384K, used 147503K [0x0000000080000000, 0x0000000100000000)
  region size 1024K, 5 young (5120K), 5 survivors (5120K)
 Metaspace       used 111124K, committed 111872K, reserved 1179648K
  class space    used 15462K, committed 15808K, reserved 1048576K
}
Event: 18.673 GC heap before
{Heap before GC invocations=50 (full 0):
 garbage-first heap   total 272384K, used 218159K [0x0000000080000000, 0x0000000100000000)
  region size 1024K, 75 young (76800K), 5 survivors (5120K)
 Metaspace       used 112391K, committed 113152K, reserved 1179648K
  class space    used 15649K, committed 16000K, reserved 1048576K
}
Event: 18.688 GC heap after
{Heap after GC invocations=51 (full 0):
 garbage-first heap   total 272384K, used 160088K [0x0000000080000000, 0x0000000100000000)
  region size 1024K, 10 young (10240K), 10 survivors (10240K)
 Metaspace       used 112391K, committed 113152K, reserved 1179648K
  class space    used 15649K, committed 16000K, reserved 1048576K
}
Event: 18.927 GC heap before
{Heap before GC invocations=51 (full 0):
 garbage-first heap   total 272384K, used 219480K [0x0000000080000000, 0x0000000100000000)
  region size 1024K, 69 young (70656K), 10 survivors (10240K)
 Metaspace       used 114324K, committed 115072K, reserved 1179648K
  class space    used 15966K, committed 16320K, reserved 1048576K
}
Event: 18.949 GC heap after
{Heap after GC invocations=52 (full 0):
 garbage-first heap   total 272384K, used 169979K [0x0000000080000000, 0x0000000100000000)
  region size 1024K, 9 young (9216K), 9 survivors (9216K)
 Metaspace       used 114324K, committed 115072K, reserved 1179648K
  class space    used 15966K, committed 16320K, reserved 1048576K
}
Event: 19.079 GC heap before
{Heap before GC invocations=52 (full 0):
 garbage-first heap   total 272384K, used 223227K [0x0000000080000000, 0x0000000100000000)
  region size 1024K, 61 young (62464K), 9 survivors (9216K)
 Metaspace       used 114893K, committed 115584K, reserved 1179648K
  class space    used 16045K, committed 16384K, reserved 1048576K
}
Event: 19.097 GC heap after
{Heap after GC invocations=53 (full 0):
 garbage-first heap   total 272384K, used 179430K [0x0000000080000000, 0x0000000100000000)
  region size 1024K, 8 young (8192K), 8 survivors (8192K)
 Metaspace       used 114893K, committed 115584K, reserved 1179648K
  class space    used 16045K, committed 16384K, reserved 1048576K
}
Event: 19.142 GC heap before
{Heap before GC invocations=53 (full 0):
 garbage-first heap   total 272384K, used 191718K [0x0000000080000000, 0x0000000100000000)
  region size 1024K, 21 young (21504K), 8 survivors (8192K)
 Metaspace       used 115117K, committed 115840K, reserved 1179648K
  class space    used 16074K, committed 16448K, reserved 1048576K
}
Event: 19.158 GC heap after
{Heap after GC invocations=54 (full 0):
 garbage-first heap   total 464896K, used 182785K [0x0000000080000000, 0x0000000100000000)
  region size 1024K, 3 young (3072K), 3 survivors (3072K)
 Metaspace       used 115117K, committed 115840K, reserved 1179648K
  class space    used 16074K, committed 16448K, reserved 1048576K
}
Event: 20.250 GC heap before
{Heap before GC invocations=55 (full 0):
 garbage-first heap   total 464896K, used 335361K [0x0000000080000000, 0x0000000100000000)
  region size 1024K, 153 young (156672K), 3 survivors (3072K)
 Metaspace       used 118055K, committed 118784K, reserved 1179648K
  class space    used 16633K, committed 16960K, reserved 1048576K
}
Event: 20.296 GC heap after
{Heap after GC invocations=56 (full 0):
 garbage-first heap   total 464896K, used 207264K [0x0000000080000000, 0x0000000100000000)
  region size 1024K, 20 young (20480K), 20 survivors (20480K)
 Metaspace       used 118055K, committed 118784K, reserved 1179648K
  class space    used 16633K, committed 16960K, reserved 1048576K
}
Event: 20.311 GC heap before
{Heap before GC invocations=56 (full 0):
 garbage-first heap   total 464896K, used 209312K [0x0000000080000000, 0x0000000100000000)
  region size 1024K, 22 young (22528K), 20 survivors (20480K)
 Metaspace       used 118100K, committed 118848K, reserved 1179648K
  class space    used 16636K, committed 16960K, reserved 1048576K
}
Event: 20.351 GC heap after
{Heap after GC invocations=57 (full 0):
 garbage-first heap   total 464896K, used 207427K [0x0000000080000000, 0x0000000100000000)
  region size 1024K, 3 young (3072K), 3 survivors (3072K)
 Metaspace       used 118100K, committed 118848K, reserved 1179648K
  class space    used 16636K, committed 16960K, reserved 1048576K
}
Event: 21.269 GC heap before
{Heap before GC invocations=57 (full 0):
 garbage-first heap   total 464896K, used 339523K [0x0000000080000000, 0x0000000100000000)
  region size 1024K, 133 young (136192K), 3 survivors (3072K)
 Metaspace       used 121640K, committed 122368K, reserved 1179648K
  class space    used 17142K, committed 17472K, reserved 1048576K
}
Event: 21.279 GC heap after
{Heap after GC invocations=58 (full 0):
 garbage-first heap   total 464896K, used 210726K [0x0000000080000000, 0x0000000100000000)
  region size 1024K, 6 young (6144K), 6 survivors (6144K)
 Metaspace       used 121640K, committed 122368K, reserved 1179648K
  class space    used 17142K, committed 17472K, reserved 1048576K
}
Event: 22.102 GC heap before
{Heap before GC invocations=59 (full 0):
 garbage-first heap   total 464896K, used 352038K [0x0000000080000000, 0x0000000100000000)
  region size 1024K, 144 young (147456K), 6 survivors (6144K)
 Metaspace       used 122235K, committed 123008K, reserved 1179648K
  class space    used 17225K, committed 17600K, reserved 1048576K
}
Event: 22.112 GC heap after
{Heap after GC invocations=60 (full 0):
 garbage-first heap   total 464896K, used 211259K [0x0000000080000000, 0x0000000100000000)
  region size 1024K, 7 young (7168K), 7 survivors (7168K)
 Metaspace       used 122235K, committed 123008K, reserved 1179648K
  class space    used 17225K, committed 17600K, reserved 1048576K
}
Event: 22.169 GC heap before
{Heap before GC invocations=60 (full 0):
 garbage-first heap   total 464896K, used 226619K [0x0000000080000000, 0x0000000100000000)
  region size 1024K, 22 young (22528K), 7 survivors (7168K)
 Metaspace       used 122338K, committed 123136K, reserved 1179648K
  class space    used 17226K, committed 17600K, reserved 1048576K
}
Event: 22.180 GC heap after
{Heap after GC invocations=61 (full 0):
 garbage-first heap   total 464896K, used 208965K [0x0000000080000000, 0x0000000100000000)
  region size 1024K, 2 young (2048K), 2 survivors (2048K)
 Metaspace       used 122338K, committed 123136K, reserved 1179648K
  class space    used 17226K, committed 17600K, reserved 1048576K
}
Event: 22.748 GC heap before
{Heap before GC invocations=61 (full 0):
 garbage-first heap   total 464896K, used 365637K [0x0000000080000000, 0x0000000100000000)
  region size 1024K, 156 young (159744K), 2 survivors (2048K)
 Metaspace       used 123441K, committed 124224K, reserved 1179648K
  class space    used 17366K, committed 17728K, reserved 1048576K
}

