# JRE version: OpenJDK Runtime Environment (17.0.11) (build 17.0.11+0--11852314)
# Java VM: OpenJDK 64-Bit Server VM (17.0.11+0--11852314, mixed mode, tiered, compressed oops, compressed class ptrs, g1 gc, windows-amd64)
GC Precious Log:
 CPUs: 8 total, 8 available
 Memory: 7872M
 Large Page Support: Disabled
 NUMA Support: Disabled
 Compressed Oops: Enabled (32-bit)
 Heap Region Size: 1M
 Heap Min Capacity: 8M
 Heap Initial Capacity: 124M
 Heap Max Capacity: 2G
 Pre-touch: Disabled
 Parallel Workers: 8
 Concurrent Workers: 2
 Concurrent Refinement Workers: 8
 Periodic GC: Disabled
Heap:
 garbage-first heap   total 325632K, used 262304K [0x0000000080000000, 0x0000000100000000)
  region size 1024K, 5 young (5120K), 5 survivors (5120K)
 Metaspace       used 164138K, committed 165056K, reserved 1245184K
  class space    used 21492K, committed 21952K, reserved 1048576K
GC Heap History (20 events):
Event: 66.480 GC heap after
{Heap after GC invocations=78 (full 0):
 garbage-first heap   total 325632K, used 244097K [0x0000000080000000, 0x0000000100000000)
  region size 1024K, 4 young (4096K), 4 survivors (4096K)
 Metaspace       used 163761K, committed 164736K, reserved 1245184K
  class space    used 21441K, committed 21888K, reserved 1048576K
}
Event: 66.961 GC heap before
{Heap before GC invocations=78 (full 0):
 garbage-first heap   total 325632K, used 283009K [0x0000000080000000, 0x0000000100000000)
  region size 1024K, 42 young (43008K), 4 survivors (4096K)
 Metaspace       used 163761K, committed 164736K, reserved 1245184K
  class space    used 21441K, committed 21888K, reserved 1048576K
}
Event: 66.968 GC heap after
{Heap after GC invocations=79 (full 0):
 garbage-first heap   total 325632K, used 245279K [0x0000000080000000, 0x0000000100000000)
  region size 1024K, 5 young (5120K), 5 survivors (5120K)
 Metaspace       used 163761K, committed 164736K, reserved 1245184K
  class space    used 21441K, committed 21888K, reserved 1048576K
}
Event: 67.449 GC heap before
{Heap before GC invocations=79 (full 0):
 garbage-first heap   total 325632K, used 283167K [0x0000000080000000, 0x0000000100000000)
  region size 1024K, 42 young (43008K), 5 survivors (5120K)
 Metaspace       used 163761K, committed 164736K, reserved 1245184K
  class space    used 21441K, committed 21888K, reserved 1048576K
}
Event: 67.456 GC heap after
{Heap after GC invocations=80 (full 0):
 garbage-first heap   total 325632K, used 246116K [0x0000000080000000, 0x0000000100000000)
  region size 1024K, 4 young (4096K), 4 survivors (4096K)
 Metaspace       used 163761K, committed 164736K, reserved 1245184K
  class space    used 21441K, committed 21888K, reserved 1048576K
}
Event: 67.798 GC heap before
{Heap before GC invocations=80 (full 0):
 garbage-first heap   total 325632K, used 284004K [0x0000000080000000, 0x0000000100000000)
  region size 1024K, 41 young (41984K), 4 survivors (4096K)
 Metaspace       used 163761K, committed 164736K, reserved 1245184K
  class space    used 21441K, committed 21888K, reserved 1048576K
}
Event: 67.805 GC heap after
{Heap after GC invocations=81 (full 0):
 garbage-first heap   total 325632K, used 246987K [0x0000000080000000, 0x0000000100000000)
  region size 1024K, 4 young (4096K), 4 survivors (4096K)
 Metaspace       used 163761K, committed 164736K, reserved 1245184K
  class space    used 21441K, committed 21888K, reserved 1048576K
}
Event: 68.123 GC heap before
{Heap before GC invocations=81 (full 0):
 garbage-first heap   total 325632K, used 283851K [0x0000000080000000, 0x0000000100000000)
  region size 1024K, 40 young (40960K), 4 survivors (4096K)
 Metaspace       used 163761K, committed 164736K, reserved 1245184K
  class space    used 21441K, committed 21888K, reserved 1048576K
}
Event: 68.131 GC heap after
{Heap after GC invocations=82 (full 0):
 garbage-first heap   total 325632K, used 247838K [0x0000000080000000, 0x0000000100000000)
  region size 1024K, 3 young (3072K), 3 survivors (3072K)
 Metaspace       used 163761K, committed 164736K, reserved 1245184K
  class space    used 21441K, committed 21888K, reserved 1048576K
}
Event: 68.486 GC heap before
{Heap before GC invocations=82 (full 0):
 garbage-first heap   total 325632K, used 283678K [0x0000000080000000, 0x0000000100000000)
  region size 1024K, 38 young (38912K), 3 survivors (3072K)
 Metaspace       used 163761K, committed 164736K, reserved 1245184K
  class space    used 21441K, committed 21888K, reserved 1048576K
}
Event: 68.494 GC heap after
{Heap after GC invocations=83 (full 0):
 garbage-first heap   total 325632K, used 249766K [0x0000000080000000, 0x0000000100000000)
  region size 1024K, 4 young (4096K), 4 survivors (4096K)
 Metaspace       used 163761K, committed 164736K, reserved 1245184K
  class space    used 21441K, committed 21888K, reserved 1048576K
}
Event: 68.739 GC heap before
{Heap before GC invocations=83 (full 0):
 garbage-first heap   total 325632K, used 284582K [0x0000000080000000, 0x0000000100000000)
  region size 1024K, 38 young (38912K), 4 survivors (4096K)
 Metaspace       used 163761K, committed 164736K, reserved 1245184K
  class space    used 21441K, committed 21888K, reserved 1048576K
}
Event: 68.749 GC heap after
{Heap after GC invocations=84 (full 0):
 garbage-first heap   total 325632K, used 250353K [0x0000000080000000, 0x0000000100000000)
  region size 1024K, 3 young (3072K), 3 survivors (3072K)
 Metaspace       used 163761K, committed 164736K, reserved 1245184K
  class space    used 21441K, committed 21888K, reserved 1048576K
}
Event: 69.030 GC heap before
{Heap before GC invocations=84 (full 0):
 garbage-first heap   total 325632K, used 284145K [0x0000000080000000, 0x0000000100000000)
  region size 1024K, 36 young (36864K), 3 survivors (3072K)
 Metaspace       used 163761K, committed 164736K, reserved 1245184K
  class space    used 21441K, committed 21888K, reserved 1048576K
}
Event: 69.039 GC heap after
{Heap after GC invocations=85 (full 0):
 garbage-first heap   total 325632K, used 251134K [0x0000000080000000, 0x0000000100000000)
  region size 1024K, 3 young (3072K), 3 survivors (3072K)
 Metaspace       used 163761K, committed 164736K, reserved 1245184K
  class space    used 21441K, committed 21888K, reserved 1048576K
}
Event: 69.387 GC heap before
{Heap before GC invocations=85 (full 0):
 garbage-first heap   total 325632K, used 283902K [0x0000000080000000, 0x0000000100000000)
  region size 1024K, 35 young (35840K), 3 survivors (3072K)
 Metaspace       used 163761K, committed 164736K, reserved 1245184K
  class space    used 21441K, committed 21888K, reserved 1048576K
}
Event: 69.394 GC heap after
{Heap after GC invocations=86 (full 0):
 garbage-first heap   total 325632K, used 251893K [0x0000000080000000, 0x0000000100000000)
  region size 1024K, 3 young (3072K), 3 survivors (3072K)
 Metaspace       used 163761K, committed 164736K, reserved 1245184K
  class space    used 21441K, committed 21888K, reserved 1048576K
}
Event: 69.697 GC heap before
{Heap before GC invocations=86 (full 0):
 garbage-first heap   total 325632K, used 284661K [0x0000000080000000, 0x0000000100000000)
  region size 1024K, 35 young (35840K), 3 survivors (3072K)
 Metaspace       used 163761K, committed 164736K, reserved 1245184K
  class space    used 21441K, committed 21888K, reserved 1048576K
}
Event: 69.707 GC heap after
{Heap after GC invocations=87 (full 0):
 garbage-first heap   total 325632K, used 252725K [0x0000000080000000, 0x0000000100000000)
  region size 1024K, 3 young (3072K), 3 survivors (3072K)
 Metaspace       used 163761K, committed 164736K, reserved 1245184K
  class space    used 21441K, committed 21888K, reserved 1048576K
}
Event: 70.261 GC heap before
{Heap before GC invocations=87 (full 0):
 garbage-first heap   total 325632K, used 290613K [0x0000000080000000, 0x0000000100000000)
  region size 1024K, 34 young (34816K), 3 survivors (3072K)
 Metaspace       used 164138K, committed 165056K, reserved 1245184K
  class space    used 21492K, committed 21952K, reserved 1048576K
}

